[2024-04-16 18:43:19] request.INFO: Matched route "admin_module_import". {"route":"admin_module_import","route_parameters":{"module_name":null,"_controller":"PrestaShopBundle\\Controller\\Admin\\Improve\\ModuleController::importModuleAction","_route":"admin_module_import"},"request_uri":"https://localhost/prueba-tecnica-prestashop/admin5/index.php/improve/modules/import?_token=SUk7DuumRV4Spkw3cyAM5Nx59kaYykur9R6BTvlxUPE","method":"POST"} []
[2024-04-16 18:43:19] security.DEBUG: Read existing security token from the session. {"key":"_security_main","token_class":"Symfony\\Component\\Security\\Core\\Authentication\\Token\\UsernamePasswordToken"} []
[2024-04-16 18:43:19] security.DEBUG: User was reloaded from a user provider. {"provider":"PrestaShopBundle\\Security\\Admin\\EmployeeProvider","username":"ivangomezlanzat@gmail.com"} []
[2024-04-16 18:43:19] request.CRITICAL: Uncaught PHP Exception Exception: "Este archivo no es un módulo en formato ZIP válido." at C:\laragon\www\prueba-tecnica-prestashop\src\Adapter\Module\ModuleZipManager.php line 139 {"exception":"[object] (Exception(code: 0): Este archivo no es un módulo en formato ZIP válido. at C:\\laragon\\www\\prueba-tecnica-prestashop\\src\\Adapter\\Module\\ModuleZipManager.php:139)"} []
[2024-04-16 18:43:19] security.DEBUG: Stored the security token in the session. {"key":"_security_main"} []
[2024-04-16 18:43:26] request.INFO: Matched route "admin_module_import". {"route":"admin_module_import","route_parameters":{"module_name":null,"_controller":"PrestaShopBundle\\Controller\\Admin\\Improve\\ModuleController::importModuleAction","_route":"admin_module_import"},"request_uri":"https://localhost/prueba-tecnica-prestashop/admin5/index.php/improve/modules/import?_token=SUk7DuumRV4Spkw3cyAM5Nx59kaYykur9R6BTvlxUPE","method":"POST"} []
[2024-04-16 18:43:26] security.DEBUG: Read existing security token from the session. {"key":"_security_main","token_class":"Symfony\\Component\\Security\\Core\\Authentication\\Token\\UsernamePasswordToken"} []
[2024-04-16 18:43:26] security.DEBUG: User was reloaded from a user provider. {"provider":"PrestaShopBundle\\Security\\Admin\\EmployeeProvider","username":"ivangomezlanzat@gmail.com"} []
[2024-04-16 18:43:26] request.CRITICAL: Uncaught PHP Exception Exception: "Este archivo no es un módulo en formato ZIP válido." at C:\laragon\www\prueba-tecnica-prestashop\src\Adapter\Module\ModuleZipManager.php line 139 {"exception":"[object] (Exception(code: 0): Este archivo no es un módulo en formato ZIP válido. at C:\\laragon\\www\\prueba-tecnica-prestashop\\src\\Adapter\\Module\\ModuleZipManager.php:139)"} []
[2024-04-16 18:43:26] security.DEBUG: Stored the security token in the session. {"key":"_security_main"} []
[2024-04-16 19:06:49] request.INFO: Matched route "admin_module_import". {"route":"admin_module_import","route_parameters":{"module_name":null,"_controller":"PrestaShopBundle\\Controller\\Admin\\Improve\\ModuleController::importModuleAction","_route":"admin_module_import"},"request_uri":"https://localhost/prueba-tecnica-prestashop/admin5/index.php/improve/modules/import?_token=SUk7DuumRV4Spkw3cyAM5Nx59kaYykur9R6BTvlxUPE","method":"POST"} []
[2024-04-16 19:06:49] security.DEBUG: Read existing security token from the session. {"key":"_security_main","token_class":"Symfony\\Component\\Security\\Core\\Authentication\\Token\\UsernamePasswordToken"} []
[2024-04-16 19:06:49] security.DEBUG: User was reloaded from a user provider. {"provider":"PrestaShopBundle\\Security\\Admin\\EmployeeProvider","username":"ivangomezlanzat@gmail.com"} []
[2024-04-16 19:06:49] request.CRITICAL: Uncaught PHP Exception Exception: "Este archivo no es un módulo en formato ZIP válido." at C:\laragon\www\prueba-tecnica-prestashop\src\Adapter\Module\ModuleZipManager.php line 139 {"exception":"[object] (Exception(code: 0): Este archivo no es un módulo en formato ZIP válido. at C:\\laragon\\www\\prueba-tecnica-prestashop\\src\\Adapter\\Module\\ModuleZipManager.php:139)"} []
[2024-04-16 19:06:49] security.DEBUG: Stored the security token in the session. {"key":"_security_main"} []
[2024-04-16 19:08:20] request.INFO: Matched route "admin_module_import". {"route":"admin_module_import","route_parameters":{"module_name":null,"_controller":"PrestaShopBundle\\Controller\\Admin\\Improve\\ModuleController::importModuleAction","_route":"admin_module_import"},"request_uri":"https://localhost/prueba-tecnica-prestashop/admin5/index.php/improve/modules/import?_token=SUk7DuumRV4Spkw3cyAM5Nx59kaYykur9R6BTvlxUPE","method":"POST"} []
[2024-04-16 19:08:20] security.DEBUG: Read existing security token from the session. {"key":"_security_main","token_class":"Symfony\\Component\\Security\\Core\\Authentication\\Token\\UsernamePasswordToken"} []
[2024-04-16 19:08:20] security.DEBUG: User was reloaded from a user provider. {"provider":"PrestaShopBundle\\Security\\Admin\\EmployeeProvider","username":"ivangomezlanzat@gmail.com"} []
[2024-04-16 19:08:21] request.CRITICAL: Uncaught PHP Exception Exception: "Este archivo no es un módulo en formato ZIP válido." at C:\laragon\www\prueba-tecnica-prestashop\src\Adapter\Module\ModuleZipManager.php line 139 {"exception":"[object] (Exception(code: 0): Este archivo no es un módulo en formato ZIP válido. at C:\\laragon\\www\\prueba-tecnica-prestashop\\src\\Adapter\\Module\\ModuleZipManager.php:139)"} []
[2024-04-16 19:08:21] security.DEBUG: Stored the security token in the session. {"key":"_security_main"} []
[2024-04-16 19:13:48] request.INFO: Matched route "admin_module_import". {"route":"admin_module_import","route_parameters":{"module_name":null,"_controller":"PrestaShopBundle\\Controller\\Admin\\Improve\\ModuleController::importModuleAction","_route":"admin_module_import"},"request_uri":"https://localhost/prueba-tecnica-prestashop/admin5/index.php/improve/modules/import?_token=SUk7DuumRV4Spkw3cyAM5Nx59kaYykur9R6BTvlxUPE","method":"POST"} []
[2024-04-16 19:13:48] security.DEBUG: Read existing security token from the session. {"key":"_security_main","token_class":"Symfony\\Component\\Security\\Core\\Authentication\\Token\\UsernamePasswordToken"} []
[2024-04-16 19:13:48] security.DEBUG: User was reloaded from a user provider. {"provider":"PrestaShopBundle\\Security\\Admin\\EmployeeProvider","username":"ivangomezlanzat@gmail.com"} []
[2024-04-16 19:13:48] request.CRITICAL: Uncaught PHP Exception Exception: "Este archivo no es un módulo en formato ZIP válido." at C:\laragon\www\prueba-tecnica-prestashop\src\Adapter\Module\ModuleZipManager.php line 139 {"exception":"[object] (Exception(code: 0): Este archivo no es un módulo en formato ZIP válido. at C:\\laragon\\www\\prueba-tecnica-prestashop\\src\\Adapter\\Module\\ModuleZipManager.php:139)"} []
[2024-04-16 19:13:48] security.DEBUG: Stored the security token in the session. {"key":"_security_main"} []
[2024-04-16 19:35:29] request.INFO: Matched route "admin_module_import". {"route":"admin_module_import","route_parameters":{"module_name":null,"_controller":"PrestaShopBundle\\Controller\\Admin\\Improve\\ModuleController::importModuleAction","_route":"admin_module_import"},"request_uri":"https://localhost/prueba-tecnica-prestashop/admin5/index.php/improve/modules/import?_token=cK7gNJ3yCNJ4DZe-9F2BGwlh-m506-OyLykrrqy95G0","method":"POST"} []
[2024-04-16 19:35:29] security.DEBUG: Read existing security token from the session. {"key":"_security_main","token_class":"Symfony\\Component\\Security\\Core\\Authentication\\Token\\UsernamePasswordToken"} []
[2024-04-16 19:35:29] security.DEBUG: User was reloaded from a user provider. {"provider":"PrestaShopBundle\\Security\\Admin\\EmployeeProvider","username":"ivangomezlanzat@gmail.com"} []
[2024-04-16 19:35:29] request.CRITICAL: Uncaught PHP Exception Exception: "Este archivo no es un módulo en formato ZIP válido." at C:\laragon\www\prueba-tecnica-prestashop\src\Adapter\Module\ModuleZipManager.php line 139 {"exception":"[object] (Exception(code: 0): Este archivo no es un módulo en formato ZIP válido. at C:\\laragon\\www\\prueba-tecnica-prestashop\\src\\Adapter\\Module\\ModuleZipManager.php:139)"} []
[2024-04-16 19:35:29] security.DEBUG: Stored the security token in the session. {"key":"_security_main"} []
[2024-04-16 19:39:05] request.INFO: Matched route "admin_module_import". {"route":"admin_module_import","route_parameters":{"module_name":null,"_controller":"PrestaShopBundle\\Controller\\Admin\\Improve\\ModuleController::importModuleAction","_route":"admin_module_import"},"request_uri":"https://localhost/prueba-tecnica-prestashop/admin5/index.php/improve/modules/import?_token=cK7gNJ3yCNJ4DZe-9F2BGwlh-m506-OyLykrrqy95G0","method":"POST"} []
[2024-04-16 19:39:06] security.DEBUG: Read existing security token from the session. {"key":"_security_main","token_class":"Symfony\\Component\\Security\\Core\\Authentication\\Token\\UsernamePasswordToken"} []
[2024-04-16 19:39:06] security.DEBUG: User was reloaded from a user provider. {"provider":"PrestaShopBundle\\Security\\Admin\\EmployeeProvider","username":"ivangomezlanzat@gmail.com"} []
[2024-04-16 19:39:06] request.CRITICAL: Uncaught PHP Exception Exception: "Este archivo no es un módulo en formato ZIP válido." at C:\laragon\www\prueba-tecnica-prestashop\src\Adapter\Module\ModuleZipManager.php line 139 {"exception":"[object] (Exception(code: 0): Este archivo no es un módulo en formato ZIP válido. at C:\\laragon\\www\\prueba-tecnica-prestashop\\src\\Adapter\\Module\\ModuleZipManager.php:139)"} []
[2024-04-16 19:39:06] security.DEBUG: Stored the security token in the session. {"key":"_security_main"} []
[2024-04-16 19:41:03] request.INFO: Matched route "admin_module_import". {"route":"admin_module_import","route_parameters":{"module_name":null,"_controller":"PrestaShopBundle\\Controller\\Admin\\Improve\\ModuleController::importModuleAction","_route":"admin_module_import"},"request_uri":"https://localhost/prueba-tecnica-prestashop/admin5/index.php/improve/modules/import?_token=SUk7DuumRV4Spkw3cyAM5Nx59kaYykur9R6BTvlxUPE","method":"POST"} []
[2024-04-16 19:41:03] security.DEBUG: Read existing security token from the session. {"key":"_security_main","token_class":"Symfony\\Component\\Security\\Core\\Authentication\\Token\\UsernamePasswordToken"} []
[2024-04-16 19:41:03] security.DEBUG: User was reloaded from a user provider. {"provider":"PrestaShopBundle\\Security\\Admin\\EmployeeProvider","username":"ivangomezlanzat@gmail.com"} []
[2024-04-16 19:41:04] request.CRITICAL: Uncaught PHP Exception Symfony\Component\Debug\Exception\FatalThrowableError: "Call to a member function install() on bool" at C:\laragon\www\prueba-tecnica-prestashop\modules\dbblog\dbblog.php line 87 {"exception":"[object] (Symfony\\Component\\Debug\\Exception\\FatalThrowableError(code: 0): Call to a member function install() on bool at C:\\laragon\\www\\prueba-tecnica-prestashop\\modules\\dbblog\\dbblog.php:87)"} []
[2024-04-16 19:41:04] security.DEBUG: Stored the security token in the session. {"key":"_security_main"} []
[2024-04-16 19:42:23] request.INFO: Matched route "admin_module_import". {"route":"admin_module_import","route_parameters":{"module_name":null,"_controller":"PrestaShopBundle\\Controller\\Admin\\Improve\\ModuleController::importModuleAction","_route":"admin_module_import"},"request_uri":"https://localhost/prueba-tecnica-prestashop/admin5/index.php/improve/modules/import?_token=SUk7DuumRV4Spkw3cyAM5Nx59kaYykur9R6BTvlxUPE","method":"POST"} []
[2024-04-16 19:42:23] security.DEBUG: Read existing security token from the session. {"key":"_security_main","token_class":"Symfony\\Component\\Security\\Core\\Authentication\\Token\\UsernamePasswordToken"} []
[2024-04-16 19:42:23] security.DEBUG: User was reloaded from a user provider. {"provider":"PrestaShopBundle\\Security\\Admin\\EmployeeProvider","username":"ivangomezlanzat@gmail.com"} []
[2024-04-16 19:42:23] request.CRITICAL: Uncaught PHP Exception Symfony\Component\Debug\Exception\FatalThrowableError: "Call to a member function install() on bool" at C:\laragon\www\prueba-tecnica-prestashop\modules\dbblog\dbblog.php line 87 {"exception":"[object] (Symfony\\Component\\Debug\\Exception\\FatalThrowableError(code: 0): Call to a member function install() on bool at C:\\laragon\\www\\prueba-tecnica-prestashop\\modules\\dbblog\\dbblog.php:87)"} []
[2024-04-16 19:42:23] security.DEBUG: Stored the security token in the session. {"key":"_security_main"} []
[2024-04-16 19:43:29] request.INFO: Matched route "admin_module_manage_action". {"route":"admin_module_manage_action","route_parameters":{"_controller":"PrestaShopBundle\\Controller\\Admin\\Improve\\ModuleController::moduleAction","action":"install","module_name":"dbblog","_route":"admin_module_manage_action"},"request_uri":"https://localhost/prueba-tecnica-prestashop/admin5/index.php/improve/modules/manage/action/install/dbblog?_token=SUk7DuumRV4Spkw3cyAM5Nx59kaYykur9R6BTvlxUPE","method":"POST"} []
[2024-04-16 19:43:29] security.DEBUG: Read existing security token from the session. {"key":"_security_main","token_class":"Symfony\\Component\\Security\\Core\\Authentication\\Token\\UsernamePasswordToken"} []
[2024-04-16 19:43:29] security.DEBUG: User was reloaded from a user provider. {"provider":"PrestaShopBundle\\Security\\Admin\\EmployeeProvider","username":"ivangomezlanzat@gmail.com"} []
[2024-04-16 19:43:29] request.CRITICAL: Uncaught PHP Exception Symfony\Component\Debug\Exception\FatalThrowableError: "Call to a member function install() on bool" at C:\laragon\www\prueba-tecnica-prestashop\modules\dbblog\dbblog.php line 87 {"exception":"[object] (Symfony\\Component\\Debug\\Exception\\FatalThrowableError(code: 0): Call to a member function install() on bool at C:\\laragon\\www\\prueba-tecnica-prestashop\\modules\\dbblog\\dbblog.php:87)"} []
[2024-04-16 19:43:29] security.DEBUG: Stored the security token in the session. {"key":"_security_main"} []
[2024-04-16 19:43:48] request.INFO: Matched route "admin_module_manage_action". {"route":"admin_module_manage_action","route_parameters":{"_controller":"PrestaShopBundle\\Controller\\Admin\\Improve\\ModuleController::moduleAction","action":"install","module_name":"dbblog","_route":"admin_module_manage_action"},"request_uri":"https://localhost/prueba-tecnica-prestashop/admin5/index.php/improve/modules/manage/action/install/dbblog?_token=SUk7DuumRV4Spkw3cyAM5Nx59kaYykur9R6BTvlxUPE","method":"POST"} []
[2024-04-16 19:43:48] security.DEBUG: Read existing security token from the session. {"key":"_security_main","token_class":"Symfony\\Component\\Security\\Core\\Authentication\\Token\\UsernamePasswordToken"} []
[2024-04-16 19:43:48] security.DEBUG: User was reloaded from a user provider. {"provider":"PrestaShopBundle\\Security\\Admin\\EmployeeProvider","username":"ivangomezlanzat@gmail.com"} []
[2024-04-16 19:43:48] request.CRITICAL: Uncaught PHP Exception Symfony\Component\Debug\Exception\FatalThrowableError: "Call to a member function install() on bool" at C:\laragon\www\prueba-tecnica-prestashop\modules\dbblog\dbblog.php line 87 {"exception":"[object] (Symfony\\Component\\Debug\\Exception\\FatalThrowableError(code: 0): Call to a member function install() on bool at C:\\laragon\\www\\prueba-tecnica-prestashop\\modules\\dbblog\\dbblog.php:87)"} []
[2024-04-16 19:43:49] security.DEBUG: Stored the security token in the session. {"key":"_security_main"} []
[2024-04-16 19:45:40] request.INFO: Matched route "admin_module_manage_action". {"route":"admin_module_manage_action","route_parameters":{"_controller":"PrestaShopBundle\\Controller\\Admin\\Improve\\ModuleController::moduleAction","action":"install","module_name":"dbblog","_route":"admin_module_manage_action"},"request_uri":"https://localhost/prueba-tecnica-prestashop/admin5/index.php/improve/modules/manage/action/install/dbblog?_token=SUk7DuumRV4Spkw3cyAM5Nx59kaYykur9R6BTvlxUPE","method":"POST"} []
[2024-04-16 19:45:40] security.DEBUG: Read existing security token from the session. {"key":"_security_main","token_class":"Symfony\\Component\\Security\\Core\\Authentication\\Token\\UsernamePasswordToken"} []
[2024-04-16 19:45:40] security.DEBUG: User was reloaded from a user provider. {"provider":"PrestaShopBundle\\Security\\Admin\\EmployeeProvider","username":"ivangomezlanzat@gmail.com"} []
[2024-04-16 19:45:40] request.CRITICAL: Uncaught PHP Exception Symfony\Component\Debug\Exception\FatalThrowableError: "Call to a member function install() on bool" at C:\laragon\www\prueba-tecnica-prestashop\modules\dbblog\dbblog.php line 87 {"exception":"[object] (Symfony\\Component\\Debug\\Exception\\FatalThrowableError(code: 0): Call to a member function install() on bool at C:\\laragon\\www\\prueba-tecnica-prestashop\\modules\\dbblog\\dbblog.php:87)"} []
[2024-04-16 19:45:40] security.DEBUG: Stored the security token in the session. {"key":"_security_main"} []
